<!-- Root element for an individual test case, allows these to be wrapped into
XML lists -->
<testCase xmlns:xsi="http://www.w3.org/2001/XMLSchema-instance" xsi:noNamespaceSchemaLocation="testCase.xsd"
  testable="UNKNOWN">
  <!-- Unique ID for the test case -->
  <id specification="E-ARK CSIP" version="2.0-DRAFT" requirementId="CSIP47"/>
  <!-- URL references to requirements for convenient lookup -->
  <references>
    <reference requirementId="CSIP47" URL="http://earkcsip.dilcis.eu/#CSIP47"/>
  </references>
  <!-- The full text of the requirement. -->
  <requirementText>Status of the metadata. Used to indicate the currency of the package. If used the two values “SUPERSEDED” or “CURRENT” from the vocabulary is used.
</requirementText>
  <!-- Textual description of the test case, extra notes beyond the requirment text. -->
  <description></description>
  <!-- List of requirments that this test case depends on in addition to the
  main requirememt, e.g. general requirments on the form of IDs -->
  <dependencies>
  </dependencies>
  <!-- A list of the validation rules derived from the test case -->
  <rules>
  </rules>
</testCase>
