<!-- Root element for an individual test case, allows these to be wrapped into
XML lists -->
<testCase>
  <!-- Unique ID for the test case -->
  <id specification="" version="" section="" requirementId="" />
  <!-- URL references to requirements for convenient lookup -->
  <references>
    <reference requirementId=""/>
  </references>
  <!-- Textual description of the test case, may just be a repeat of the
  requirment text. -->
  <description></description>
  <!-- List of requirments that this test case depends on in addition to the
  main requirememt, e.g. general requirments on the form of IDs -->
  <dependencies>
    <!-- Individual test case dependencies listed by ID -->
    <dependency requirement="" />
  </dependencies>
  <!-- A list of the validation rules derived from the test case -->
  <rules>
    <!-- Individual validation rule entry, identified by a running number
    that's unique within the test case only -->
    <rule id="">
      <!-- Text description of the validation rule -->
      <description></description>
      <!-- Details of the validation error generated by the message, can be
      one of: [ ERROR | WARNING | INFO ]-->
      <error level="">
        <!-- Expected error message when the rule is violated. -->
        <message></message>
      </error>
    </rule>
  </rules>
</testCase>
